https://www.youtube.com/watch?v=xn7wPPSh6yI
https://www.youtube.com/watch?v=3qTosMXSTLs
https://www.youtube.com/watch?v=2Kbp3WoFSv4
https://www.youtube.com/watch?v=bBj7QqmFNPw
https://www.youtube.com/watch?v=3G8vNsZeGm4
https://www.youtube.com/watch?v=hyNG-vAtu3U
https://www.youtube.com/watch?v=jcnu9Q5Dm2A
https://www.youtube.com/watch?v=FBDLlpg1P_I
https://www.youtube.com/watch?v=6TZuGFpyX28
https://www.youtube.com/watch?v=cXbBWKPQbKw
https://www.youtube.com/watch?v=uPxn9VFWsIg
https://www.youtube.com/watch?v=i6A3N11QA58
https://www.youtube.com/watch?v=w7CTOkNWemc
https://www.youtube.com/watch?v=T4h1t7QQY64
https://www.youtube.com/watch?v=8nIdI_C9huA
https://www.youtube.com/watch?v=vkNDO7sf1p4
https://www.youtube.com/watch?v=__Eo-dvEH7g
https://www.youtube.com/watch?v=3PeHnWIJLNI
https://www.youtube.com/watch?v=0UlOohkMZnI
https://www.youtube.com/watch?v=4XifVPbiPT4
https://www.youtube.com/watch?v=5bsarWVRBBw
https://www.youtube.com/watch?v=jd5xjDJHsI8
https://www.youtube.com/watch?v=xrRFKEdtQIc
https://www.youtube.com/watch?v=6HUhbK5dOnk
https://www.youtube.com/watch?v=Eow6_5yTv1s
https://www.youtube.com/watch?v=rt3IVOsKRoU
https://www.youtube.com/watch?v=-fRmIgbydjY
https://www.youtube.com/watch?v=Wg-jjMXU7gY
https://www.youtube.com/watch?v=2pd-YbF3lj0
https://www.youtube.com/watch?v=mH0g0IV68wA
https://www.youtube.com/watch?v=3HwDNde7Y4k
https://www.youtube.com/watch?v=fSz18jA_FT8
https://www.youtube.com/watch?v=evgiCrGaFOI
https://www.youtube.com/watch?v=iMFovAX7ZI4
https://www.youtube.com/watch?v=y_bf7UODoDY
https://www.youtube.com/watch?v=YXYGJxjXNQ4
https://www.youtube.com/watch?v=RMbvEULOtqc
https://www.youtube.com/watch?v=SCwZ_fMtp_E
https://www.youtube.com/watch?v=WAJJaqM9-B8
https://www.youtube.com/watch?v=vZBmWVW3O8U
https://www.youtube.com/watch?v=s_DBjTojgwU
https://www.youtube.com/watch?v=-N_j1PpgGnE
https://www.youtube.com/watch?v=ng4VivKkByc
https://www.youtube.com/watch?v=yqOlY5uBBbo
https://www.youtube.com/watch?v=qGp1sgv9hm8
https://www.youtube.com/watch?v=M-3cS51G6oQ
https://www.youtube.com/watch?v=EJpKDAJcnHE
https://www.youtube.com/watch?v=FTm-y0JTlDk
https://www.youtube.com/watch?v=zMWurjm1Ej4
https://www.youtube.com/watch?v=pF7MlQKd3KU
https://www.youtube.com/watch?v=x0fMO2OehN0
https://www.youtube.com/watch?v=vU0-R1w-hcQ
https://www.youtube.com/watch?v=KNM8w4kFiB0
https://www.youtube.com/watch?v=BkBumUzv73U
https://www.youtube.com/watch?v=T96LyBlSRM4
https://www.youtube.com/watch?v=6vuFh6NNa70
https://www.youtube.com/watch?v=6g9dSth3p_w
https://www.youtube.com/watch?v=FmI6pcE5GPU
https://www.youtube.com/watch?v=MJ6uRDa1oJ0
https://www.youtube.com/watch?v=33XDY0cb86Q
https://www.youtube.com/watch?v=HC9FDfuUpKQ
https://www.youtube.com/watch?v=B-giWTnAYPw
https://www.youtube.com/watch?v=FuIh710CUao
https://www.youtube.com/watch?v=RsrpV-GweKc
https://www.youtube.com/watch?v=BE31Y46s-uQ
https://www.youtube.com/watch?v=_wfSCvsaaos
https://www.youtube.com/watch?v=VOCNWyy3zJU
https://www.youtube.com/watch?v=i3QkRrovOV0
https://www.youtube.com/watch?v=m5bTH88BFbo
https://www.youtube.com/watch?v=YgaSOzz36M0
https://www.youtube.com/watch?v=MfjQkRazUW4
https://www.youtube.com/watch?v=YYcE2TGEIvs
https://www.youtube.com/watch?v=9x300BRdKOc
https://www.youtube.com/watch?v=XHCpBWT6JG8
https://www.youtube.com/watch?v=tGkhfd2PuAY
https://www.youtube.com/watch?v=needzUgq27M
https://www.youtube.com/watch?v=8zwyRfkQ2P4
https://www.youtube.com/watch?v=xhzV_Kf4VJQ
https://www.youtube.com/watch?v=8ty6uOMQdJo
https://www.youtube.com/watch?v=RB9sCa4Diso
https://www.youtube.com/watch?v=Xk3rOshoRvQ
https://www.youtube.com/watch?v=l3kjjfbzL0k
https://www.youtube.com/watch?v=6q7SFe6x3Qw
https://www.youtube.com/watch?v=Fz0lcViJFmY
https://www.youtube.com/watch?v=j9TkIGHZ2tY
https://www.youtube.com/watch?v=ldZJPN_0Ric
https://www.youtube.com/watch?v=4GF4tpTXlgI
https://www.youtube.com/watch?v=i-kZrKtWkVY
https://www.youtube.com/watch?v=KWEb4XnntxI
https://www.youtube.com/watch?v=t1-gJdRc5AU
https://www.youtube.com/watch?v=XPj5WHb-XOI
https://www.youtube.com/watch?v=Ob4wd1V6DRU
https://www.youtube.com/watch?v=EF-zccoceW0
https://www.youtube.com/watch?v=tIun6f5WDVc
https://www.youtube.com/watch?v=MgKHJnQtG5c
https://www.youtube.com/watch?v=WnUXK7lgGAw
https://www.youtube.com/watch?v=WBWt73ZFSz0
https://www.youtube.com/watch?v=OmGGXWfvj5s
https://www.youtube.com/watch?v=M6MOMNKbcoM
https://www.youtube.com/watch?v=o_4-L-f_jvY
https://www.youtube.com/watch?v=aqBvohcle28
https://www.youtube.com/watch?v=n4oj4LIVZv4
https://www.youtube.com/watch?v=GdroduLO9ZI
https://www.youtube.com/watch?v=NeUB1OSRM7E
https://www.youtube.com/watch?v=fbhG-JJEAsg
https://www.youtube.com/watch?v=a9TGMASZMJE
https://www.youtube.com/watch?v=Gy6fDx9L-zk
https://www.youtube.com/watch?v=J10Jb098_UE
https://www.youtube.com/watch?v=mZDsZlv4YTo
https://www.youtube.com/watch?v=bo7hgQmkUNk
https://www.youtube.com/watch?v=sDJpbx-Ubgk
https://www.youtube.com/watch?v=MWFm4j39YCE
https://www.youtube.com/watch?v=Xap5MRUMqI8
https://www.youtube.com/watch?v=RC0qzy5Wp5A
https://www.youtube.com/watch?v=ULf9FFanNR8
https://www.youtube.com/watch?v=xL0-AQZpj8w
https://www.youtube.com/watch?v=fVtFL5FDnM8
https://www.youtube.com/watch?v=rxv8xDYVNAY
https://www.youtube.com/watch?v=jHHe6lF6bt8
https://www.youtube.com/watch?v=bOsjG9GhPVY
https://www.youtube.com/watch?v=V2WMcX-AwDA
https://www.youtube.com/watch?v=kNg5ZirIMf4
https://www.youtube.com/watch?v=ttyVLnMki2Y
https://www.youtube.com/watch?v=1gTHNgrLWQ4
https://www.youtube.com/watch?v=SLQYikRL4HA
https://www.youtube.com/watch?v=gfEHgRB36Pw
https://www.youtube.com/watch?v=vHeUOZMZPeI
https://www.youtube.com/watch?v=8obIemAzBQE
https://www.youtube.com/watch?v=PmE35Aw0HUA
https://www.youtube.com/watch?v=6a8uLUOGiLA
https://www.youtube.com/watch?v=lDpdpuKTWHA
https://www.youtube.com/watch?v=CuQ-q7Dy1nY
https://www.youtube.com/watch?v=45nNGRYlUzg
https://www.youtube.com/watch?v=wcNassHQBlw
https://www.youtube.com/watch?v=5HyazJ3YsEk
https://www.youtube.com/watch?v=BbSHLmaYFu8
https://www.youtube.com/watch?v=BgOLvfqcYWY
https://www.youtube.com/watch?v=6KrW8alN-Q8
https://www.youtube.com/watch?v=dhYby6_3a7U
https://www.youtube.com/watch?v=RtLYLiFeLls
https://www.youtube.com/watch?v=RPQaRWMHPro
https://www.youtube.com/watch?v=nLLk0l8ktlA
https://www.youtube.com/watch?v=_37n9U1VTA4